<?xml version="1.0" encoding="UTF-8"?>
<!-- Generated by org.testng.reporters.JUnitReportReporter -->
<testsuite hostname="DDC4-L-56RWD63" failures="0" tests="1" name="com.finago.test.ProcountorReceiptTest" time="15.385" errors="0" timestamp="2021-05-05T22:03:43 IST" skipped="0">
  <testcase classname="com.finago.test.ProcountorReceiptTest" name="upload_csvReceipt_and_view_receipt" time="15.385"/>
  <system-out/>
</testsuite> <!-- com.finago.test.ProcountorReceiptTest -->
